Using pre-set license
Built from '2021.3/staging' branch; Version is '2021.3.22f1 (b6c551784ba3) revision 11978065'; Using compiler version '192829333'; Build Type 'Release'
OS: 'Windows 11  (10.0.22631) 64bit Core' Language: 'en' Physical Memory: 32406 MB
BatchMode: 1, IsHumanControllingUs: 0, StartBugReporterOnCrash: 0, Is64bit: 1, IsPro: 1

COMMAND LINE ARGUMENTS:
C:\Program Files\Unity\Hub\Editor\2021.3.22f1\Editor\Unity.exe
-adb2
-batchMode
-noUpm
-name
AssetImportWorker12
-projectPath
C:/Users/anime/Desktop/Game Development/Practice/Unity/Endless-Frogger/Endless Frogger
-logFile
Logs/AssetImportWorker12.log
-srvPort
61087
Successfully changed project path to: C:/Users/anime/Desktop/Game Development/Practice/Unity/Endless-Frogger/Endless Frogger
C:/Users/anime/Desktop/Game Development/Practice/Unity/Endless-Frogger/Endless Frogger
[UnityMemory] Configuration Parameters - Can be set up in boot.config
    "memorysetup-bucket-allocator-granularity=16"
    "memorysetup-bucket-allocator-bucket-count=8"
    "memorysetup-bucket-allocator-block-size=33554432"
    "memorysetup-bucket-allocator-block-count=8"
    "memorysetup-main-allocator-block-size=16777216"
    "memorysetup-thread-allocator-block-size=16777216"
    "memorysetup-gfx-main-allocator-block-size=16777216"
    "memorysetup-gfx-thread-allocator-block-size=16777216"
    "memorysetup-cache-allocator-block-size=4194304"
    "memorysetup-typetree-allocator-block-size=2097152"
    "memorysetup-profiler-bucket-allocator-granularity=16"
    "memorysetup-profiler-bucket-allocator-bucket-count=8"
    "memorysetup-profiler-bucket-allocator-block-size=33554432"
    "memorysetup-profiler-bucket-allocator-block-count=8"
    "memorysetup-profiler-allocator-block-size=16777216"
    "memorysetup-profiler-editor-allocator-block-size=1048576"
    "memorysetup-temp-allocator-size-main=16777216"
    "memorysetup-job-temp-allocator-block-size=2097152"
    "memorysetup-job-temp-allocator-block-size-background=1048576"
    "memorysetup-job-temp-allocator-reduction-small-platforms=262144"
    "memorysetup-temp-allocator-size-background-worker=32768"
    "memorysetup-temp-allocator-size-job-worker=262144"
    "memorysetup-temp-allocator-size-preload-manager=33554432"
    "memorysetup-temp-allocator-size-nav-mesh-worker=65536"
    "memorysetup-temp-allocator-size-audio-worker=65536"
    "memorysetup-temp-allocator-size-cloud-worker=32768"
    "memorysetup-temp-allocator-size-gi-baking-worker=262144"
    "memorysetup-temp-allocator-size-gfx=262144"
Player connection [56580] Host "[IP] 192.168.4.172 [Port] 0 [Flags] 2 [Guid] 2516861783 [EditorId] 2516861783 [Version] 1048832 [Id] WindowsEditor(7,AestheticAbu) [Debug] 1 [PackageName] WindowsEditor [ProjectName] Editor" joined multi-casting on [225.0.0.222:54997]...

Player connection [56580] Host "[IP] 192.168.4.172 [Port] 0 [Flags] 2 [Guid] 2516861783 [EditorId] 2516861783 [Version] 1048832 [Id] WindowsEditor(7,AestheticAbu) [Debug] 1 [PackageName] WindowsEditor [ProjectName] Editor" joined alternative multi-casting on [225.0.0.222:34997]...

Refreshing native plugins compatible for Editor in 178.67 ms, found 3 plugins.
Preloading 0 native plugins for Editor in 0.00 ms.
Initialize engine version: 2021.3.22f1 (b6c551784ba3)
[Subsystems] Discovering subsystems at path C:/Program Files/Unity/Hub/Editor/2021.3.22f1/Editor/Data/Resources/UnitySubsystems
[Subsystems] Discovering subsystems at path C:/Users/anime/Desktop/Game Development/Practice/Unity/Endless-Frogger/Endless Frogger/Assets
GfxDevice: creating device client; threaded=0; jobified=0
Direct3D:
    Version:  Direct3D 11.0 [level 11.1]
    Renderer: NVIDIA GeForce RTX 4090 Laptop GPU (ID=0x2757)
    Vendor:   NVIDIA
    VRAM:     16050 MB
    Driver:   32.0.15.5613
Initialize mono
Mono path[0] = 'C:/Program Files/Unity/Hub/Editor/2021.3.22f1/Editor/Data/Managed'
Mono path[1] = 'C:/Program Files/Unity/Hub/Editor/2021.3.22f1/Editor/Data/MonoBleedingEdge/lib/mono/unityjit-win32'
Mono config path = 'C:/Program Files/Unity/Hub/Editor/2021.3.22f1/Editor/Data/MonoBleedingEdge/etc'
Using monoOptions --debugger-agent=transport=dt_socket,embedding=1,server=y,suspend=n,address=127.0.0.1:56224
Begin MonoManager ReloadAssembly
Registering precompiled unity dll's ...
Register platform support module: C:/Program Files/Unity/Hub/Editor/2021.3.22f1/Editor/Data/PlaybackEngines/WebGLSupport/UnityEditor.WebGL.Extensions.dll
Register platform support module: C:/Program Files/Unity/Hub/Editor/2021.3.22f1/Editor/Data/PlaybackEngines/WindowsStandaloneSupport/UnityEditor.WindowsStandalone.Extensions.dll
Registered in 0.007917 seconds.
Native extension for WindowsStandalone target not found
Native extension for WebGL target not found
Refreshing native plugins compatible for Editor in 184.05 ms, found 3 plugins.
Preloading 0 native plugins for Editor in 0.00 ms.
Mono: successfully reloaded assembly
- Completed reload, in  1.583 seconds
Domain Reload Profiling:
	ReloadAssembly (1584ms)
		BeginReloadAssembly (276ms)
			ExecutionOrderSort (0ms)
			DisableScriptedObjects (0ms)
			BackupInstance (0ms)
			ReleaseScriptingObjects (0ms)
			CreateAndSetChildDomain (2ms)
		EndReloadAssembly (1068ms)
			LoadAssemblies (272ms)
			RebuildTransferFunctionScriptingTraits (0ms)
			SetupTypeCache (312ms)
			ReleaseScriptCaches (0ms)
			RebuildScriptCaches (56ms)
			SetupLoadedEditorAssemblies (584ms)
				LogAssemblyErrors (0ms)
				InitializePlatformSupportModulesInManaged (16ms)
				SetLoadedEditorAssemblies (0ms)
				RefreshPlugins (184ms)
				BeforeProcessingInitializeOnLoad (2ms)
				ProcessInitializeOnLoadAttributes (298ms)
				ProcessInitializeOnLoadMethodAttributes (83ms)
				AfterProcessingInitializeOnLoad (0ms)
				EditorAssembliesLoaded (0ms)
			ExecutionOrderSort2 (0ms)
			AwakeInstancesAfterBackupRestoration (0ms)
Platform modules already initialized, skipping
Registering precompiled user dll's ...
Registered in 0.010434 seconds.
Begin MonoManager ReloadAssembly
Symbol file LoadedFromMemory doesn't match image C:\Users\anime\Desktop\Game Development\Practice\Unity\Endless-Frogger\Endless Frogger\Library\PackageCache\com.unity.visualscripting@1.8.0\Editor\VisualScripting.Core\Dependencies\YamlDotNet\Unity.VisualScripting.YamlDotNet.dll
Symbol file LoadedFromMemory doesn't match image C:\Users\anime\Desktop\Game Development\Practice\Unity\Endless-Frogger\Endless Frogger\Library\PackageCache\com.unity.visualscripting@1.8.0\Editor\VisualScripting.Core\Dependencies\DotNetZip\Unity.VisualScripting.IonicZip.dll
Native extension for WindowsStandalone target not found
Native extension for WebGL target not found
Refreshing native plugins compatible for Editor in 179.52 ms, found 3 plugins.
Preloading 0 native plugins for Editor in 0.00 ms.
Mono: successfully reloaded assembly
- Completed reload, in  2.339 seconds
Domain Reload Profiling:
	ReloadAssembly (2340ms)
		BeginReloadAssembly (175ms)
			ExecutionOrderSort (0ms)
			DisableScriptedObjects (8ms)
			BackupInstance (0ms)
			ReleaseScriptingObjects (0ms)
			CreateAndSetChildDomain (27ms)
		EndReloadAssembly (1979ms)
			LoadAssemblies (136ms)
			RebuildTransferFunctionScriptingTraits (0ms)
			SetupTypeCache (580ms)
			ReleaseScriptCaches (1ms)
			RebuildScriptCaches (125ms)
			SetupLoadedEditorAssemblies (1009ms)
				LogAssemblyErrors (0ms)
				InitializePlatformSupportModulesInManaged (17ms)
				SetLoadedEditorAssemblies (0ms)
				RefreshPlugins (180ms)
				BeforeProcessingInitializeOnLoad (159ms)
				ProcessInitializeOnLoadAttributes (513ms)
				ProcessInitializeOnLoadMethodAttributes (128ms)
				AfterProcessingInitializeOnLoad (11ms)
				EditorAssembliesLoaded (0ms)
			ExecutionOrderSort2 (0ms)
			AwakeInstancesAfterBackupRestoration (10ms)
Platform modules already initialized, skipping
========================================================================
Worker process is ready to serve import requests
Launched and connected shader compiler UnityShaderCompiler.exe after 0.22 seconds
Refreshing native plugins compatible for Editor in 1.40 ms, found 3 plugins.
Preloading 0 native plugins for Editor in 0.00 ms.
Unloading 4258 Unused Serialized files (Serialized files now loaded: 0)
Unloading 41 unused Assets / (415.3 KB). Loaded Objects now: 4722.
Memory consumption went from 155.2 MB to 154.8 MB.
Total: 7.929400 ms (FindLiveObjects: 0.449200 ms CreateObjectMapping: 0.784000 ms MarkObjects: 6.357900 ms  DeleteObjects: 0.335900 ms)

AssetImportParameters requested are different than current active one (requested -> active):
  custom:video-decoder-ogg-theora: a1e56fd34408186e4bbccfd4996cb3dc -> 
  custom:container-muxer-webm: aa71ff27fc2769a1b78a27578f13a17b -> 
  custom:container-demuxer-webm: 4f35f7cbe854078d1ac9338744f61a02 -> 
  custom:video-encoder-webm-vp8: eb34c28f22e8b96e1ab97ce403110664 -> 
  custom:video-codec-MediaFoundation-h265: 746d11721c4dcdbdad8f713fa42b33f4 -> 
  custom:audio-encoder-webm-vorbis: bf7c407c2cedff20999df2af8eb42d56 -> 
  custom:framework-win-MediaFoundation: 216162199b28c13a410421893ffa2e32 -> 
  custom:container-demuxer-ogg: 62fdf1f143b41e24485cea50d1cbac27 -> 
  custom:video-decoder-webm-vp8: 9c59270c3fd7afecdb556c50c9e8de78 -> 
  custom:audio-decoder-ogg-vorbis: bf7c407c2cedff20999df2af8eb42d56 -> 
========================================================================
Received Import Request.
  Time since last request: 166217.849367 seconds.
  path: Assets/Possum Model/Possum.mat
  artifactKey: Guid(2409dffe211a60743a115dfcb0fd10b9) Importer(815301076,1909f56bfc062723c751e8b465ee728b)
Start importing Assets/Possum Model/Possum.mat using Guid(2409dffe211a60743a115dfcb0fd10b9) Importer(815301076,1909f56bfc062723c751e8b465ee728b)  -> (artifact id: 'e6d231665120137c6e8343604f6c82c3') in 0.215456 seconds 
========================================================================
Received Import Request.
  Time since last request: 153.222847 seconds.
  path: Assets/PSFX/Demo/Prefabs/Spike.prefab
  artifactKey: Guid(2dcd7b25a0450264fb69a81b9924612d) Importer(815301076,1909f56bfc062723c751e8b465ee728b)
Start importing Assets/PSFX/Demo/Prefabs/Spike.prefab using Guid(2dcd7b25a0450264fb69a81b9924612d) Importer(815301076,1909f56bfc062723c751e8b465ee728b)  -> (artifact id: '6c4de63c6315e2425ae17a05f91d0c57') in 0.042656 seconds 
========================================================================
Received Import Request.
  Time since last request: 0.007774 seconds.
  path: Assets/PSFX/Demo/Prefabs/Teapot_Diffuse.prefab
  artifactKey: Guid(5298cc35de21670478d399eb1b855b87) Importer(815301076,1909f56bfc062723c751e8b465ee728b)
Start importing Assets/PSFX/Demo/Prefabs/Teapot_Diffuse.prefab using Guid(5298cc35de21670478d399eb1b855b87) Importer(815301076,1909f56bfc062723c751e8b465ee728b)  -> (artifact id: 'ee4afb265998e71ecbe5c7142ec7aced') in 0.017632 seconds 
========================================================================
Received Import Request.
  Time since last request: 0.000038 seconds.
  path: Assets/PSFX/Demo/Prefabs/Teapot_Specular.prefab
  artifactKey: Guid(562c541cc19d0b64fb2bdc7a1531dd8e) Importer(815301076,1909f56bfc062723c751e8b465ee728b)
Start importing Assets/PSFX/Demo/Prefabs/Teapot_Specular.prefab using Guid(562c541cc19d0b64fb2bdc7a1531dd8e) Importer(815301076,1909f56bfc062723c751e8b465ee728b)  -> (artifact id: 'd76c604372e9962c49de67b5ed9187c1') in 0.015536 seconds 
========================================================================
Received Import Request.
  Time since last request: 0.000042 seconds.
  path: Assets/PSFX/Demo/Prefabs/Teapot_2DReflections.prefab
  artifactKey: Guid(b79ba91bdb3d535438f264e79ba55882) Importer(815301076,1909f56bfc062723c751e8b465ee728b)
Start importing Assets/PSFX/Demo/Prefabs/Teapot_2DReflections.prefab using Guid(b79ba91bdb3d535438f264e79ba55882) Importer(815301076,1909f56bfc062723c751e8b465ee728b)  -> (artifact id: 'dc41e187a73d1b13e63d09473c48e33e') in 0.014180 seconds 
========================================================================
Received Prepare
Registering precompiled user dll's ...
Registered in 0.011461 seconds.
Begin MonoManager ReloadAssembly
Symbol file LoadedFromMemory doesn't match image C:\Users\anime\Desktop\Game Development\Practice\Unity\Endless-Frogger\Endless Frogger\Library\PackageCache\com.unity.visualscripting@1.8.0\Editor\VisualScripting.Core\Dependencies\YamlDotNet\Unity.VisualScripting.YamlDotNet.dll
Symbol file LoadedFromMemory doesn't match image C:\Users\anime\Desktop\Game Development\Practice\Unity\Endless-Frogger\Endless Frogger\Library\PackageCache\com.unity.visualscripting@1.8.0\Editor\VisualScripting.Core\Dependencies\DotNetZip\Unity.VisualScripting.IonicZip.dll
Native extension for WindowsStandalone target not found
Native extension for WebGL target not found
Refreshing native plugins compatible for Editor in 0.95 ms, found 3 plugins.
Preloading 0 native plugins for Editor in 0.00 ms.
Mono: successfully reloaded assembly
- Completed reload, in  1.804 seconds
Domain Reload Profiling:
	ReloadAssembly (1805ms)
		BeginReloadAssembly (231ms)
			ExecutionOrderSort (0ms)
			DisableScriptedObjects (6ms)
			BackupInstance (0ms)
			ReleaseScriptingObjects (0ms)
			CreateAndSetChildDomain (66ms)
		EndReloadAssembly (1398ms)
			LoadAssemblies (148ms)
			RebuildTransferFunctionScriptingTraits (0ms)
			SetupTypeCache (444ms)
			ReleaseScriptCaches (2ms)
			RebuildScriptCaches (69ms)
			SetupLoadedEditorAssemblies (682ms)
				LogAssemblyErrors (0ms)
				InitializePlatformSupportModulesInManaged (12ms)
				SetLoadedEditorAssemblies (2ms)
				RefreshPlugins (1ms)
				BeforeProcessingInitializeOnLoad (135ms)
				ProcessInitializeOnLoadAttributes (412ms)
				ProcessInitializeOnLoadMethodAttributes (109ms)
				AfterProcessingInitializeOnLoad (12ms)
				EditorAssembliesLoaded (0ms)
			ExecutionOrderSort2 (0ms)
			AwakeInstancesAfterBackupRestoration (10ms)
Platform modules already initialized, skipping
Refreshing native plugins compatible for Editor in 6.31 ms, found 3 plugins.
Preloading 0 native plugins for Editor in 0.00 ms.
Unloading 4227 Unused Serialized files (Serialized files now loaded: 0)
Unloading 22 unused Assets / (380.5 KB). Loaded Objects now: 4778.
Memory consumption went from 158.4 MB to 158.0 MB.
Total: 8.427000 ms (FindLiveObjects: 1.058500 ms CreateObjectMapping: 0.535400 ms MarkObjects: 6.699700 ms  DeleteObjects: 0.130100 ms)

AssetImportParameters requested are different than current active one (requested -> active):
  custom:video-decoder-ogg-theora: a1e56fd34408186e4bbccfd4996cb3dc -> 
  custom:container-muxer-webm: aa71ff27fc2769a1b78a27578f13a17b -> 
  custom:container-demuxer-webm: 4f35f7cbe854078d1ac9338744f61a02 -> 
  custom:video-encoder-webm-vp8: eb34c28f22e8b96e1ab97ce403110664 -> 
  custom:video-codec-MediaFoundation-h265: 746d11721c4dcdbdad8f713fa42b33f4 -> 
  custom:audio-encoder-webm-vorbis: bf7c407c2cedff20999df2af8eb42d56 -> 
  custom:framework-win-MediaFoundation: 216162199b28c13a410421893ffa2e32 -> 
  custom:container-demuxer-ogg: 62fdf1f143b41e24485cea50d1cbac27 -> 
  custom:video-decoder-webm-vp8: 9c59270c3fd7afecdb556c50c9e8de78 -> 
  custom:audio-decoder-ogg-vorbis: bf7c407c2cedff20999df2af8eb42d56 -> 
========================================================================
Received Import Request.
  Time since last request: 338.902249 seconds.
  path: Assets/Tiles/Save.prefab
  artifactKey: Guid(3f51e2fc7b6f21d468255fbf9b5c9659) Importer(815301076,1909f56bfc062723c751e8b465ee728b)
Start importing Assets/Tiles/Save.prefab using Guid(3f51e2fc7b6f21d468255fbf9b5c9659) Importer(815301076,1909f56bfc062723c751e8b465ee728b)  -> (artifact id: '8c0bf6260859c30a839d8ec50fb8ac50') in 0.258061 seconds 
========================================================================
Received Import Request.
  Time since last request: 72.606968 seconds.
  path: Assets/PSFX/Demo/Textures/PSFX-Demo_testUV.png
  artifactKey: Guid(a9eaa078b7be59541874b6537730c1cd) Importer(815301076,1909f56bfc062723c751e8b465ee728b)
Start importing Assets/PSFX/Demo/Textures/PSFX-Demo_testUV.png using Guid(a9eaa078b7be59541874b6537730c1cd) Importer(815301076,1909f56bfc062723c751e8b465ee728b)  -> (artifact id: '5747e2ab2220524b8a9f9c87915185cd') in 0.103508 seconds 
========================================================================
Received Import Request.
  Time since last request: 8.369045 seconds.
  path: Assets/PSFX/Demo/Textures/PSFX-Demo_Grass.png
  artifactKey: Guid(dccd5519c55bf3f45bf3a0c6b5c7122a) Importer(815301076,1909f56bfc062723c751e8b465ee728b)
Start importing Assets/PSFX/Demo/Textures/PSFX-Demo_Grass.png using Guid(dccd5519c55bf3f45bf3a0c6b5c7122a) Importer(815301076,1909f56bfc062723c751e8b465ee728b)  -> (artifact id: '27cd4431cc813efd014648b052aaa60d') in 0.013596 seconds 
========================================================================
Received Import Request.
  Time since last request: 0.027585 seconds.
  path: Assets/PSFX/Demo/Textures/PSFX-Demo_PineBark.png
  artifactKey: Guid(1b3f1f8a4e1473b42913d59e726783d2) Importer(815301076,1909f56bfc062723c751e8b465ee728b)
Start importing Assets/PSFX/Demo/Textures/PSFX-Demo_PineBark.png using Guid(1b3f1f8a4e1473b42913d59e726783d2) Importer(815301076,1909f56bfc062723c751e8b465ee728b)  -> (artifact id: 'bacaf5df93f858264debe3d0f41b91e5') in 0.011924 seconds 
========================================================================
Received Import Request.
  Time since last request: 0.863589 seconds.
  path: Assets/LowPolyWater_Pack/LowPoly Island/textures/textureSurface_Color_2.jpg
  artifactKey: Guid(c4b4ad6529883dc43874119c9045638a) Importer(815301076,1909f56bfc062723c751e8b465ee728b)
Start importing Assets/LowPolyWater_Pack/LowPoly Island/textures/textureSurface_Color_2.jpg using Guid(c4b4ad6529883dc43874119c9045638a) Importer(815301076,1909f56bfc062723c751e8b465ee728b)  -> (artifact id: 'd3cbbbd4058a0a605ad0c98a608257be') in 0.021763 seconds 
========================================================================
Received Import Request.
  Time since last request: 45.301255 seconds.
  path: Assets/Models/Street Light/mt_LampPole_mat.mat
  artifactKey: Guid(f6ad89ba84de86242bf44c32548ce952) Importer(815301076,1909f56bfc062723c751e8b465ee728b)
Start importing Assets/Models/Street Light/mt_LampPole_mat.mat using Guid(f6ad89ba84de86242bf44c32548ce952) Importer(815301076,1909f56bfc062723c751e8b465ee728b)  -> (artifact id: 'f41cd68e05144198b42380c326db0a06') in 0.038395 seconds 
========================================================================
Received Import Request.
  Time since last request: 0.000055 seconds.
  path: Assets/Models/Street Light/mt_Light_mat.mat
  artifactKey: Guid(c19688c70947dcd409bf823d9a8999ec) Importer(815301076,1909f56bfc062723c751e8b465ee728b)
Start importing Assets/Models/Street Light/mt_Light_mat.mat using Guid(c19688c70947dcd409bf823d9a8999ec) Importer(815301076,1909f56bfc062723c751e8b465ee728b)  -> (artifact id: '072a497c8a7b53109e64167013ac4bb3') in 0.018868 seconds 
Editor requested this worker to shutdown with reason: Scaling down because of idle timeout
AssetImportWorker is now disconnected from the server
Process exiting
Exiting without the bug reporter. Application will terminate with return code 0